<?xml version="1.0" encoding="UTF-8"?>
<!-- Generated by org.testng.reporters.JUnitXMLReporter -->
<testsuite ignored="0" hostname="LTIN647836" failures="1" tests="2" name="RediffTests" time="19.494" errors="0" timestamp="2026-05-30T13:27:49 IST">
  <testcase classname="tests.RediffTest" name="createAccountTest" time="1.789"/>
  <testcase classname="tests.RediffTest" name="termsWindowTest" time="0.583">
    <failure type="java.lang.NoClassDefFoundError" message="org/apache/poi/POIException">
      <![CDATA[java.lang.NoClassDefFoundError: org/apache/poi/POIException
at utils.WriteLinksToExcel.writeLink(WriteLinksToExcel.java:14)
at tests.RediffTest.termsWindowTest(RediffTest.java:33)
at java.base/java.util.ArrayList.forEach(ArrayList.java:1596)
Caused by: java.lang.ClassNotFoundException: org.apache.poi.POIException
at java.base/jdk.internal.loader.BuiltinClassLoader.loadClass(BuiltinClassLoader.java:641)
at java.base/jdk.internal.loader.ClassLoaders$AppClassLoader.loadClass(ClassLoaders.java:188)
at java.base/java.lang.ClassLoader.loadClass(ClassLoader.java:526)
... 28 more
... Removed 25 stack frames]]>
    </failure>
  </testcase> <!-- termsWindowTest -->
</testsuite> <!-- RediffTests -->
